flutter contacts service/build/app/intermediates/manifest_merge_blame_file/debug/manifest-merger-blame-debug-report.txt
1<?xml version="1.0" encoding="utf-8"?>
2<manifest xmlns:android="http://schemas.android.com/apk/res/android"
3    package="com.example.flutter_read_contacts"
4    android:versionCode="1"
5    android:versionName="1.0.0" >
6
7    <uses-sdk
8        android:minSdkVersion="16"
9        android:targetSdkVersion="31" />
10    <!--
11         The INTERNET permission is required for development. Specifically,
12         the Flutter tool needs it to communicate with the running application
13         to allow setting breakpoints, to provide hot reload, etc.
14    -->
15    <uses-permission android:name="android.permission.INTERNET" />
15-->src\debug\AndroidManifest.xml:7:5-66
15-->src\debug\AndroidManifest.xml:7:22-64
16    <uses-permission android:name="android.permission.READ_CONTACTS" />
16-->src\main\AndroidManifest.xml:3:5-71
16-->src\main\AndroidManifest.xml:3:22-69
17    <uses-permission android:name="android.permission.WRITE_CONTACTS" />
17-->src\main\AndroidManifest.xml:4:5-72
17-->src\main\AndroidManifest.xml:4:22-70
18    <uses-permission android:name="android.permission.GET_ACCOUNTS" />
18-->src\main\AndroidManifest.xml:5:5-70
18-->src\main\AndroidManifest.xml:5:22-68
19
20    <queries>
20-->[:contacts_service] AndroidManifest.xml:9:5-22:15
21        <intent>
21-->[:contacts_service] AndroidManifest.xml:10:9-12:18
22            <action android:name="android.accounts.AccountAuthenticator" />
22-->[:contacts_service] AndroidManifest.xml:11:13-76
22-->[:contacts_service] AndroidManifest.xml:11:21-73
23        </intent>
24        <!-- Allows the app to load an icon corresponding to the custom MIME type. -->
25        <intent>
25-->[:contacts_service] AndroidManifest.xml:14:9-21:18
26            <action android:name="android.intent.action.VIEW" />
26-->[:contacts_service] AndroidManifest.xml:15:13-65
26-->[:contacts_service] AndroidManifest.xml:15:21-62
27
28            <data
28-->[:contacts_service] AndroidManifest.xml:17:13-20:44
29                android:host="com.android.contacts"
29-->[:contacts_service] AndroidManifest.xml:18:17-52
30                android:mimeType="vnd.android.cursor.item/*"
30-->[:contacts_service] AndroidManifest.xml:19:17-61
31                android:scheme="content" />
31-->[:contacts_service] AndroidManifest.xml:20:17-41
32        </intent>
33    </queries>
34
35    <application
36        android:name="android.app.Application"
37        android:appComponentFactory="androidx.core.app.CoreComponentFactory"
37-->[androidx.core:core:1.6.0] AndroidManifest.xml:24:18-86
38        android:debuggable="true"
39        android:icon="@mipmap/ic_launcher"
40        android:label="flutter_read_contacts" >
41        <activity
42            android:name="com.example.flutter_read_contacts.MainActivity"
43            android:configChanges="orientation|keyboardHidden|keyboard|screenSize|smallestScreenSize|locale|layoutDirection|fontScale|screenLayout|density|uiMode"
44            android:exported="true"
45            android:hardwareAccelerated="true"
46            android:launchMode="singleTop"
47            android:theme="@style/LaunchTheme"
48            android:windowSoftInputMode="adjustResize" >
49
50            <!--
51                 Specifies an Android theme to apply to this Activity as soon as
52                 the Android process has started. This theme is visible to the user
53                 while the Flutter UI initializes. After that, this theme continues
54                 to determine the Window background behind the Flutter UI.
55            -->
56            <meta-data
57                android:name="io.flutter.embedding.android.NormalTheme"
58                android:resource="@style/NormalTheme" />
59
60            <intent-filter>
61                <action android:name="android.intent.action.MAIN" />
62
63                <category android:name="android.intent.category.LAUNCHER" />
64            </intent-filter>
65        </activity>
66
67        <!--
68            Don't delete the meta-data below.
69            This is used by the Flutter tool to generate GeneratedPluginRegistrant.java
70        -->
71        <meta-data
72            android:name="flutterEmbedding"
73            android:value="2" />
74
75        <uses-library
75-->[androidx.window:window:1.0.0-beta04] AndroidManifest.xml:25:9-27:40
76            android:name="androidx.window.extensions"
76-->[androidx.window:window:1.0.0-beta04] AndroidManifest.xml:26:13-54
77            android:required="false" />
77-->[androidx.window:window:1.0.0-beta04] AndroidManifest.xml:27:13-37
78        <uses-library
78-->[androidx.window:window:1.0.0-beta04] AndroidManifest.xml:28:9-30:40
79            android:name="androidx.window.sidecar"
79-->[androidx.window:window:1.0.0-beta04] AndroidManifest.xml:29:13-51
80            android:required="false" />
80-->[androidx.window:window:1.0.0-beta04] AndroidManifest.xml:30:13-37
81    </application>
82
83</manifest>